
           Firms:          Clients:     Replications: 
               100              5460                30
   Number of Big:           Medium:      Small firms: 
                 6                12                82
      Gamma: Big:           Medium:      Small firms: 
              1.00              1.00              1.00
     total price:       total cost:     total profit: 
5455999999994544.00545599999994544.004910400000000000.00
5455999999994544.00545999999994540.004910000000000004.00
5455999999994544.00545999999994540.004910000000000004.00
5455999999994544.00545999999994540.004910000000000004.00
5455999999994544.00545999999994540.004910000000000004.00
5455999999994544.00545999999994540.004910000000000004.00
5455999999994544.00545999999994540.004910000000000004.00
5455999999994544.00545999999994540.004910000000000004.00
5455999999994544.00545999999994540.004910000000000004.00
5455999999994544.00545999999994540.004910000000000004.00
5455999999994544.00545999999994540.004910000000000004.00
5455999999994544.00545999999994540.004910000000000004.00
5455999999994544.00545999999994540.004910000000000004.00
5455999999994544.00545999999994540.004910000000000004.00
5455999999994544.00545999999994540.004910000000000004.00
5455999999994544.00545999999994540.004910000000000004.00
5455999999994544.00545999999994540.004910000000000004.00
5455999999994544.00545999999994540.004910000000000004.00
5455999999994544.00545999999994540.004910000000000004.00
5455999999994544.00545999999994540.004910000000000004.00
5455999999994544.00545999999994540.004910000000000004.00
5455999999994544.00545999999994540.004910000000000004.00
5455999999994544.00545999999994540.004910000000000004.00
5455999999994544.00545999999994540.004910000000000004.00
5455999999994544.00545999999994540.004910000000000004.00
5455999999994544.00545999999994540.004910000000000004.00
5455999999994544.00545999999994540.004910000000000004.00
5455999999994544.00545999999994540.004910000000000004.00
5455999999994544.00545999999994540.004910000000000004.00
5455999999994544.00545999999994540.004910000000000004.00
